Using pre-set license
Built from '2020.3/staging' branch; Version is '2020.3.22f1 (e1a7f79fd887) revision 14788599'; Using compiler version '192528614'; Build Type 'Release'
OS: 'Windows 10 Home Single Language; OS build 19042.1348; Version 2009; 64bit' Language: 'en' Physical Memory: 6090 MB
BatchMode: 1, IsHumanControllingUs: 0, StartBugReporterOnCrash: 0, Is64bit: 1, IsPro: 0

COMMAND LINE ARGUMENTS:
C:\Program Files\Unity\Hub\Editor\2020.3.22f1\Editor\Unity.exe
-adb2
-batchMode
-noUpm
-name
AssetImportWorker0
-projectPath
D:/cs222/Lab1.1/Introduction
-logFile
Logs/AssetImportWorker0.log
-srvPort
63028
Successfully changed project path to: D:/cs222/Lab1.1/Introduction
D:/cs222/Lab1.1/Introduction
Using Asset Import Pipeline V2.
Refreshing native plugins compatible for Editor in 38.12 ms, found 2 plugins.
Preloading 0 native plugins for Editor in 0.00 ms.
Initialize engine version: 2020.3.22f1 (e1a7f79fd887)
[Subsystems] Discovering subsystems at path C:/Program Files/Unity/Hub/Editor/2020.3.22f1/Editor/Data/Resources/UnitySubsystems
[Subsystems] Discovering subsystems at path D:/cs222/Lab1.1/Introduction/Assets
GfxDevice: creating device client; threaded=0
Direct3D:
    Version:  Direct3D 11.0 [level 11.1]
    Renderer: AMD Radeon(TM) RX Vega 10 Graphics (ID=0x15d8)
    Vendor:   
    VRAM:     3045 MB
    Driver:   27.20.21034.37
Initialize mono
Mono path[0] = 'C:/Program Files/Unity/Hub/Editor/2020.3.22f1/Editor/Data/Managed'
Mono path[1] = 'C:/Program Files/Unity/Hub/Editor/2020.3.22f1/Editor/Data/MonoBleedingEdge/lib/mono/unityjit'
Mono config path = 'C:/Program Files/Unity/Hub/Editor/2020.3.22f1/Editor/Data/MonoBleedingEdge/etc'
Using monoOptions --debugger-agent=transport=dt_socket,embedding=1,server=y,suspend=n,address=127.0.0.1:56764
Begin MonoManager ReloadAssembly
Registering precompiled unity dll's ...
Register platform support module: C:/Program Files/Unity/Hub/Editor/2020.3.22f1/Editor/Data/PlaybackEngines/WebGLSupport/UnityEditor.WebGL.Extensions.dll
Register platform support module: C:/Program Files/Unity/Hub/Editor/2020.3.22f1/Editor/Data/PlaybackEngines/WindowsStandaloneSupport/UnityEditor.WindowsStandalone.Extensions.dll
Registered in 0.003431 seconds.
Native extension for WindowsStandalone target not found
Native extension for WebGL target not found
Refreshing native plugins compatible for Editor in 36.21 ms, found 2 plugins.
Preloading 0 native plugins for Editor in 0.00 ms.
Mono: successfully reloaded assembly
- Completed reload, in  7.590 seconds
Domain Reload Profiling:
	ReloadAssembly (7590ms)
		BeginReloadAssembly (79ms)
			ExecutionOrderSort (0ms)
			DisableScriptedObjects (0ms)
			BackupInstance (0ms)
			ReleaseScriptingObjects (0ms)
			CreateAndSetChildDomain (1ms)
		EndReloadAssembly (705ms)
			LoadAssemblies (76ms)
			RebuildTransferFunctionScriptingTraits (0ms)
			SetupTypeCache (226ms)
			ReleaseScriptCaches (0ms)
			RebuildScriptCaches (38ms)
			SetupLoadedEditorAssemblies (308ms)
				LogAssemblyErrors (0ms)
				InitializePlatformSupportModulesInManaged (7ms)
				SetLoadedEditorAssemblies (0ms)
				RefreshPlugins (36ms)
				BeforeProcessingInitializeOnLoad (11ms)
				ProcessInitializeOnLoadAttributes (111ms)
				ProcessInitializeOnLoadMethodAttributes (142ms)
				AfterProcessingInitializeOnLoad (0ms)
				EditorAssembliesLoaded (0ms)
			ExecutionOrderSort2 (0ms)
			AwakeInstancesAfterBackupRestoration (0ms)
Platform modules already initialized, skipping
Registering precompiled user dll's ...
Registered in 0.045118 seconds.
Begin MonoManager ReloadAssembly
Native extension for WindowsStandalone target not found
Native extension for WebGL target not found
Refreshing native plugins compatible for Editor in 0.43 ms, found 2 plugins.
Preloading 0 native plugins for Editor in 0.00 ms.
Mono: successfully reloaded assembly
- Completed reload, in  1.453 seconds
Domain Reload Profiling:
	ReloadAssembly (1455ms)
		BeginReloadAssembly (218ms)
			ExecutionOrderSort (0ms)
			DisableScriptedObjects (10ms)
			BackupInstance (0ms)
			ReleaseScriptingObjects (0ms)
			CreateAndSetChildDomain (29ms)
		EndReloadAssembly (1141ms)
			LoadAssemblies (118ms)
			RebuildTransferFunctionScriptingTraits (0ms)
			SetupTypeCache (442ms)
			ReleaseScriptCaches (0ms)
			RebuildScriptCaches (50ms)
			SetupLoadedEditorAssemblies (414ms)
				LogAssemblyErrors (0ms)
				InitializePlatformSupportModulesInManaged (8ms)
				SetLoadedEditorAssemblies (1ms)
				RefreshPlugins (1ms)
				BeforeProcessingInitializeOnLoad (71ms)
				ProcessInitializeOnLoadAttributes (312ms)
				ProcessInitializeOnLoadMethodAttributes (11ms)
				AfterProcessingInitializeOnLoad (11ms)
				EditorAssembliesLoaded (0ms)
			ExecutionOrderSort2 (0ms)
			AwakeInstancesAfterBackupRestoration (9ms)
Platform modules already initialized, skipping
========================================================================
Worker process is ready to serve import requests
Launched and connected shader compiler UnityShaderCompiler.exe after 0.11 seconds
Refreshing native plugins compatible for Editor in 0.48 ms, found 2 plugins.
Preloading 0 native plugins for Editor in 0.00 ms.
Unloading 1496 Unused Serialized files (Serialized files now loaded: 0)
System memory in use before: 67.5 MB.
System memory in use after: 67.5 MB.

Unloading 19 unused Assets to reduce memory usage. Loaded Objects now: 1929.
Total: 4.532300 ms (FindLiveObjects: 0.228200 ms CreateObjectMapping: 0.057000 ms MarkObjects: 4.138800 ms  DeleteObjects: 0.106300 ms)

AssetImportParameters requested are different than current active one (requested -> active):
  custom:framework-win-MediaFoundation: 216162199b28c13a410421893ffa2e32 -> 
  custom:video-decoder-ogg-theora: a1e56fd34408186e4bbccfd4996cb3dc -> 
  custom:container-muxer-webm: aa71ff27fc2769a1b78a27578f13a17b -> 
  custom:container-demuxer-webm: 4f35f7cbe854078d1ac9338744f61a02 -> 
  custom:container-demuxer-ogg: 62fdf1f143b41e24485cea50d1cbac27 -> 
  custom:video-encoder-webm-vp8: eb34c28f22e8b96e1ab97ce403110664 -> 
  custom:video-decoder-webm-vp8: 9c59270c3fd7afecdb556c50c9e8de78 -> 
  custom:audio-decoder-ogg-vorbis: bf7c407c2cedff20999df2af8eb42d56 -> 
  custom:audio-encoder-webm-vorbis: bf7c407c2cedff20999df2af8eb42d56 -> 
========================================================================
Received Prepare
Registering precompiled user dll's ...
Registered in 0.004700 seconds.
Begin MonoManager ReloadAssembly
Native extension for WindowsStandalone target not found
Native extension for WebGL target not found
Refreshing native plugins compatible for Editor in 0.54 ms, found 2 plugins.
Preloading 0 native plugins for Editor in 0.00 ms.
Mono: successfully reloaded assembly
- Completed reload, in  1.165 seconds
Domain Reload Profiling:
	ReloadAssembly (1166ms)
		BeginReloadAssembly (136ms)
			ExecutionOrderSort (0ms)
			DisableScriptedObjects (6ms)
			BackupInstance (0ms)
			ReleaseScriptingObjects (0ms)
			CreateAndSetChildDomain (38ms)
		EndReloadAssembly (951ms)
			LoadAssemblies (115ms)
			RebuildTransferFunctionScriptingTraits (0ms)
			SetupTypeCache (335ms)
			ReleaseScriptCaches (1ms)
			RebuildScriptCaches (45ms)
			SetupLoadedEditorAssemblies (340ms)
				LogAssemblyErrors (0ms)
				InitializePlatformSupportModulesInManaged (8ms)
				SetLoadedEditorAssemblies (1ms)
				RefreshPlugins (1ms)
				BeforeProcessingInitializeOnLoad (60ms)
				ProcessInitializeOnLoadAttributes (252ms)
				ProcessInitializeOnLoadMethodAttributes (10ms)
				AfterProcessingInitializeOnLoad (9ms)
				EditorAssembliesLoaded (0ms)
			ExecutionOrderSort2 (0ms)
			AwakeInstancesAfterBackupRestoration (11ms)
Platform modules already initialized, skipping
Refreshing native plugins compatible for Editor in 0.41 ms, found 2 plugins.
Preloading 0 native plugins for Editor in 0.00 ms.
Unloading 1490 Unused Serialized files (Serialized files now loaded: 0)
System memory in use before: 67.3 MB.
System memory in use after: 67.4 MB.

Unloading 14 unused Assets to reduce memory usage. Loaded Objects now: 1931.
Total: 3.354000 ms (FindLiveObjects: 0.302800 ms CreateObjectMapping: 0.061100 ms MarkObjects: 2.964900 ms  DeleteObjects: 0.022800 ms)

AssetImportParameters requested are different than current active one (requested -> active):
  custom:framework-win-MediaFoundation: 216162199b28c13a410421893ffa2e32 -> 
  custom:video-decoder-ogg-theora: a1e56fd34408186e4bbccfd4996cb3dc -> 
  custom:container-muxer-webm: aa71ff27fc2769a1b78a27578f13a17b -> 
  custom:container-demuxer-webm: 4f35f7cbe854078d1ac9338744f61a02 -> 
  custom:container-demuxer-ogg: 62fdf1f143b41e24485cea50d1cbac27 -> 
  custom:video-encoder-webm-vp8: eb34c28f22e8b96e1ab97ce403110664 -> 
  custom:video-decoder-webm-vp8: 9c59270c3fd7afecdb556c50c9e8de78 -> 
  custom:audio-decoder-ogg-vorbis: bf7c407c2cedff20999df2af8eb42d56 -> 
  custom:audio-encoder-webm-vorbis: bf7c407c2cedff20999df2af8eb42d56 -> 
========================================================================
Received Import Request.
  path: Assets/Materials
  artifactKey: Guid(3e14f4dcbe8fed64d8a7405cb915401c) Importer(815301076,1909f56bfc062723c751e8b465ee728b)
Start importing Assets/Materials using Guid(3e14f4dcbe8fed64d8a7405cb915401c) Importer(815301076,1909f56bfc062723c751e8b465ee728b)  -> (artifact id: '297daf51dd417220b709da63b7773b66') in 0.029385 seconds 
  Import took 0.263060 seconds .

========================================================================
Received Import Request.
  Time since last request: 11.929457 seconds.
  path: Assets/model3d/Ch24_nonPBR@Standing React Death Backward.fbm
  artifactKey: Guid(2945170ff34cb70479c3f9a57bcf93c7) Importer(815301076,1909f56bfc062723c751e8b465ee728b)
Start importing Assets/model3d/Ch24_nonPBR@Standing React Death Backward.fbm using Guid(2945170ff34cb70479c3f9a57bcf93c7) Importer(815301076,1909f56bfc062723c751e8b465ee728b)  -> (artifact id: 'a5b73a9f178352260825032792da3dc5') in 0.016995 seconds 
  Import took 0.134088 seconds .

========================================================================
Received Import Request.
  Time since last request: 0.046759 seconds.
  path: Assets/model3d/Ch24_nonPBR@Standing React Death Backward.fbm/Ch24_1001_Diffuse.png
  artifactKey: Guid(1e6d7f4300a9102488c6492ab3120395) Importer(815301076,1909f56bfc062723c751e8b465ee728b)
Start importing Assets/model3d/Ch24_nonPBR@Standing React Death Backward.fbm/Ch24_1001_Diffuse.png using Guid(1e6d7f4300a9102488c6492ab3120395) Importer(815301076,1909f56bfc062723c751e8b465ee728b)  -> (artifact id: '0410d83dcd99fed88f79d13a87b445a9') in 0.286377 seconds 
  Import took 0.289831 seconds .

========================================================================
Received Import Request.
  Time since last request: 0.000360 seconds.
  path: Assets/model3d/Ch24_nonPBR@Standing React Death Backward.fbm/Ch24_1001_Glossiness.png
  artifactKey: Guid(f40b117cda256644fa216c8b4b347b47) Importer(815301076,1909f56bfc062723c751e8b465ee728b)
Start importing Assets/model3d/Ch24_nonPBR@Standing React Death Backward.fbm/Ch24_1001_Glossiness.png using Guid(f40b117cda256644fa216c8b4b347b47) Importer(815301076,1909f56bfc062723c751e8b465ee728b)  -> (artifact id: '6c0cf96c397a3ea375c124fb4df02646') in 0.121256 seconds 
  Import took 0.153230 seconds .

========================================================================
Received Import Request.
  Time since last request: 0.000255 seconds.
  path: Assets/model3d/Ch24_nonPBR@Standing React Death Backward.fbm/Ch24_1001_Normal.png
  artifactKey: Guid(abf0c171896829844928c59401f158e8) Importer(815301076,1909f56bfc062723c751e8b465ee728b)
Start importing Assets/model3d/Ch24_nonPBR@Standing React Death Backward.fbm/Ch24_1001_Normal.png using Guid(abf0c171896829844928c59401f158e8) Importer(815301076,1909f56bfc062723c751e8b465ee728b)  -> (artifact id: 'ac43d5aabd7860c4a58e2b0e65fecc7e') in 0.086022 seconds 
  Import took 0.090001 seconds .

========================================================================
Received Import Request.
  Time since last request: 0.000316 seconds.
  path: Assets/model3d/Ch24_nonPBR@Standing React Death Backward.fbm/Ch24_1001_Specular.png
  artifactKey: Guid(804600d3cf92c5345879150b57d19475) Importer(815301076,1909f56bfc062723c751e8b465ee728b)
Start importing Assets/model3d/Ch24_nonPBR@Standing React Death Backward.fbm/Ch24_1001_Specular.png using Guid(804600d3cf92c5345879150b57d19475) Importer(815301076,1909f56bfc062723c751e8b465ee728b)  -> (artifact id: '75f251648ea4dbd906a9f58ac885f63e') in 0.110470 seconds 
  Import took 0.130525 seconds .

========================================================================
Received Import Request.
  Time since last request: 10.328159 seconds.
  path: Assets/model3d/texture/Ch24_1001_Diffuse 1.png
  artifactKey: Guid(b2e8bd27dfc083f4fa0bd6b5763bc754) Importer(815301076,1909f56bfc062723c751e8b465ee728b)
Start importing Assets/model3d/texture/Ch24_1001_Diffuse 1.png using Guid(b2e8bd27dfc083f4fa0bd6b5763bc754) Importer(815301076,1909f56bfc062723c751e8b465ee728b)  -> (artifact id: 'bcbf3d109cbc3b9efce454f9faaf2639') in 0.231378 seconds 
  Import took 0.250558 seconds .

========================================================================
Received Import Request.
  Time since last request: 0.000306 seconds.
  path: Assets/model3d/texture/Ch24_1001_Glossiness.png
  artifactKey: Guid(76f1b19733d0fa746912cadc39d2df23) Importer(815301076,1909f56bfc062723c751e8b465ee728b)
Start importing Assets/model3d/texture/Ch24_1001_Glossiness.png using Guid(76f1b19733d0fa746912cadc39d2df23) Importer(815301076,1909f56bfc062723c751e8b465ee728b)  -> (artifact id: 'c48da4fa5163313afbf1bcb175d95c5d') in 0.018008 seconds 
  Import took 0.042639 seconds .

========================================================================
Received Import Request.
  Time since last request: 0.000247 seconds.
  path: Assets/model3d/texture/Ch24_1001_Diffuse.png
  artifactKey: Guid(68c07d2d44140a242940030ca4d7a23e) Importer(815301076,1909f56bfc062723c751e8b465ee728b)
Start importing Assets/model3d/texture/Ch24_1001_Diffuse.png using Guid(68c07d2d44140a242940030ca4d7a23e) Importer(815301076,1909f56bfc062723c751e8b465ee728b)  -> (artifact id: 'b2a002874e7be55e15b4f55ef87dc8a0') in 0.020273 seconds 
  Import took 0.057471 seconds .

========================================================================
Received Import Request.
  Time since last request: 0.000252 seconds.
  path: Assets/model3d/texture/Ch24_1001_Specular 1.png
  artifactKey: Guid(035e41b521c6b3449a1e30bca1d2a0a8) Importer(815301076,1909f56bfc062723c751e8b465ee728b)
Start importing Assets/model3d/texture/Ch24_1001_Specular 1.png using Guid(035e41b521c6b3449a1e30bca1d2a0a8) Importer(815301076,1909f56bfc062723c751e8b465ee728b)  -> (artifact id: '5a7a18d1ae2ba5f90b2d5123bc80b7c9') in 0.120552 seconds 
  Import took 0.135945 seconds .

========================================================================
Received Import Request.
  Time since last request: 0.000380 seconds.
  path: Assets/model3d/texture/Ch24_1001_Normal 1.png
  artifactKey: Guid(77169788ca01ada45b299343de657812) Importer(815301076,1909f56bfc062723c751e8b465ee728b)
Start importing Assets/model3d/texture/Ch24_1001_Normal 1.png using Guid(77169788ca01ada45b299343de657812) Importer(815301076,1909f56bfc062723c751e8b465ee728b)  -> (artifact id: '1ff835164757ecda9c3c29de18b1e68d') in 0.200463 seconds 
  Import took 0.248765 seconds .

========================================================================
Received Import Request.
  Time since last request: 0.000336 seconds.
  path: Assets/model3d/texture/Ch24_1001_Glossiness 1.png
  artifactKey: Guid(b762a2d14edb6574eb5eed86160a6d34) Importer(815301076,1909f56bfc062723c751e8b465ee728b)
Start importing Assets/model3d/texture/Ch24_1001_Glossiness 1.png using Guid(b762a2d14edb6574eb5eed86160a6d34) Importer(815301076,1909f56bfc062723c751e8b465ee728b)  -> (artifact id: 'fa415ef400cfe652ddbd34f167010a60') in 0.124844 seconds 
  Import took 0.130636 seconds .

========================================================================
Received Import Request.
  Time since last request: 0.000406 seconds.
  path: Assets/model3d/texture/Ch24_1001_Specular.png
  artifactKey: Guid(5cab2aa1f465ad74bb991463bcd2b05e) Importer(815301076,1909f56bfc062723c751e8b465ee728b)
Start importing Assets/model3d/texture/Ch24_1001_Specular.png using Guid(5cab2aa1f465ad74bb991463bcd2b05e) Importer(815301076,1909f56bfc062723c751e8b465ee728b)  -> (artifact id: 'c07ed8ec984966d38f640e85b7814a54') in 0.014855 seconds 
  Import took 0.018623 seconds .

========================================================================
Received Import Request.
  Time since last request: 0.000462 seconds.
  path: Assets/model3d/texture/Ch24_1001_Normal.png
  artifactKey: Guid(0f70cbc0d107bec4fb1fb33d6f0954d9) Importer(815301076,1909f56bfc062723c751e8b465ee728b)
Start importing Assets/model3d/texture/Ch24_1001_Normal.png using Guid(0f70cbc0d107bec4fb1fb33d6f0954d9) Importer(815301076,1909f56bfc062723c751e8b465ee728b)  -> (artifact id: '44abc43f7662f791a7696016f169c5a1') in 0.175208 seconds 
  Import took 0.179260 seconds .

========================================================================
Received Import Request.
  Time since last request: 5.079231 seconds.
  path: Assets/model3d/Ch24_nonPBR@Defeated.fbm
  artifactKey: Guid(289996f72dc10824eb55bc107b704764) Importer(815301076,1909f56bfc062723c751e8b465ee728b)
Start importing Assets/model3d/Ch24_nonPBR@Defeated.fbm using Guid(289996f72dc10824eb55bc107b704764) Importer(815301076,1909f56bfc062723c751e8b465ee728b)  -> (artifact id: '0c9801c7e23d1dc4cff54f818e487b43') in 0.011559 seconds 
  Import took 0.149200 seconds .

========================================================================
Received Import Request.
  Time since last request: 15.766545 seconds.
  path: Assets/model3d/Materials
  artifactKey: Guid(91e0684f95dbc034284f50502efa6484) Importer(815301076,1909f56bfc062723c751e8b465ee728b)
Start importing Assets/model3d/Materials using Guid(91e0684f95dbc034284f50502efa6484) Importer(815301076,1909f56bfc062723c751e8b465ee728b)  -> (artifact id: '2262c8a36390ce124739067bfe35c25b') in 0.003185 seconds 
  Import took 0.007374 seconds .

========================================================================
Received Import Request.
  Time since last request: 290.115097 seconds.
  path: Assets/model3d/maria_prop_j_j_ong@Loser.fbx
  artifactKey: Guid(d2aa2a1f4191f1b42a2c84b9eff5b9f2) Importer(815301076,1909f56bfc062723c751e8b465ee728b)
Start importing Assets/model3d/maria_prop_j_j_ong@Loser.fbx using Guid(d2aa2a1f4191f1b42a2c84b9eff5b9f2) Importer(815301076,1909f56bfc062723c751e8b465ee728b)  -> (artifact id: '099791bbbcc4d011947337b8f016905d') in 0.208700 seconds 
  Import took 0.214696 seconds .

========================================================================
Received Import Request.
  Time since last request: 0.000566 seconds.
  path: Assets/model3d/maria_prop_j_j_ong@Two Handed Sword Death.fbx
  artifactKey: Guid(ab2964f6e46793745be0a88bdfce53d8) Importer(815301076,1909f56bfc062723c751e8b465ee728b)
Start importing Assets/model3d/maria_prop_j_j_ong@Two Handed Sword Death.fbx using Guid(ab2964f6e46793745be0a88bdfce53d8) Importer(815301076,1909f56bfc062723c751e8b465ee728b)  -> (artifact id: 'd1170cf197391c139b9e12602643e6a4') in 0.057231 seconds 
  Import took 0.175067 seconds .

========================================================================
Received Import Request.
  Time since last request: 598.480750 seconds.
  path: Assets/model3d/New Folder
  artifactKey: Guid(93776f6a5c5d5fe479063093973acb1d) Importer(815301076,1909f56bfc062723c751e8b465ee728b)
Start importing Assets/model3d/New Folder using Guid(93776f6a5c5d5fe479063093973acb1d) Importer(815301076,1909f56bfc062723c751e8b465ee728b)  -> (artifact id: 'b4306a03b611d6030821ca55e35dcca0') in 0.014949 seconds 
  Import took 0.166547 seconds .

========================================================================
Received Import Request.
  Time since last request: 56.836907 seconds.
  path: Assets/model3d/materials
  artifactKey: Guid(93776f6a5c5d5fe479063093973acb1d) Importer(815301076,1909f56bfc062723c751e8b465ee728b)
Start importing Assets/model3d/materials using Guid(93776f6a5c5d5fe479063093973acb1d) Importer(815301076,1909f56bfc062723c751e8b465ee728b)  -> (artifact id: 'b7da435bfee37dc4e4bf9b37c6aa055a') in 0.014821 seconds 
  Import took 0.051765 seconds .

========================================================================
Received Import Request.
  Time since last request: 180.891255 seconds.
  path: Assets/model3d/maria_prop_j_j_ong@Loser.fbx
  artifactKey: Guid(d2aa2a1f4191f1b42a2c84b9eff5b9f2) Importer(815301076,1909f56bfc062723c751e8b465ee728b)
Start importing Assets/model3d/maria_prop_j_j_ong@Loser.fbx using Guid(d2aa2a1f4191f1b42a2c84b9eff5b9f2) Importer(815301076,1909f56bfc062723c751e8b465ee728b)  -> (artifact id: '1bc2be3d56e67f80acc771a06e8224f0') in 0.087165 seconds 
  Import took 0.091743 seconds .

========================================================================
Received Import Request.
  Time since last request: 215.852908 seconds.
  path: Assets/model3d/maria_prop_j_j_ong@Two Handed Sword Death.fbx
  artifactKey: Guid(ab2964f6e46793745be0a88bdfce53d8) Importer(815301076,1909f56bfc062723c751e8b465ee728b)
Start importing Assets/model3d/maria_prop_j_j_ong@Two Handed Sword Death.fbx using Guid(ab2964f6e46793745be0a88bdfce53d8) Importer(815301076,1909f56bfc062723c751e8b465ee728b)  -> (artifact id: '902ba5baab1c3af1c85cf0c9475265d0') in 0.070974 seconds 
  Import took 0.075803 seconds .

========================================================================
Received Import Request.
  Time since last request: 70.376272 seconds.
  path: Assets/model3d/maria_prop_j_j_ong@Loser.fbx
  artifactKey: Guid(d2aa2a1f4191f1b42a2c84b9eff5b9f2) Importer(815301076,1909f56bfc062723c751e8b465ee728b)
Start importing Assets/model3d/maria_prop_j_j_ong@Loser.fbx using Guid(d2aa2a1f4191f1b42a2c84b9eff5b9f2) Importer(815301076,1909f56bfc062723c751e8b465ee728b)  -> (artifact id: '6b63df646955a2a0cc5338861a4d053c') in 0.095852 seconds 
  Import took 0.109560 seconds .

========================================================================
Received Import Request.
  Time since last request: 3.816072 seconds.
  path: Assets/model3d/texture/maria_diffuse.png
  artifactKey: Guid(1ef0567da0b94454394f1a0f24189182) Importer(815301076,1909f56bfc062723c751e8b465ee728b)
Start importing Assets/model3d/texture/maria_diffuse.png using Guid(1ef0567da0b94454394f1a0f24189182) Importer(815301076,1909f56bfc062723c751e8b465ee728b)  -> (artifact id: 'bc38664354800d383746ff1211ba3b37') in 0.018520 seconds 
  Import took 0.022443 seconds .

========================================================================
Received Import Request.
  Time since last request: 0.000259 seconds.
  path: Assets/model3d/texture/maria_specular.png
  artifactKey: Guid(decdd723940d16a4c865e39df59dca14) Importer(815301076,1909f56bfc062723c751e8b465ee728b)
Start importing Assets/model3d/texture/maria_specular.png using Guid(decdd723940d16a4c865e39df59dca14) Importer(815301076,1909f56bfc062723c751e8b465ee728b)  -> (artifact id: '78abea70c0d585d23f77183cbf25c249') in 0.118363 seconds 
  Import took 0.129791 seconds .

========================================================================
Received Import Request.
  Time since last request: 0.000263 seconds.
  path: Assets/model3d/texture/maria_normal.png
  artifactKey: Guid(3d303da159ff1d0478d17b53363edd84) Importer(815301076,1909f56bfc062723c751e8b465ee728b)
Start importing Assets/model3d/texture/maria_normal.png using Guid(3d303da159ff1d0478d17b53363edd84) Importer(815301076,1909f56bfc062723c751e8b465ee728b)  -> (artifact id: '8042fcb8d6ce402ca6c49ca41bb1b5c2') in 0.023660 seconds 
  Import took 0.027120 seconds .

========================================================================
Received Import Request.
  Time since last request: 15.337510 seconds.
  path: Assets/model3d/maria_prop_j_j_ong@Loser.fbx
  artifactKey: Guid(d2aa2a1f4191f1b42a2c84b9eff5b9f2) Importer(815301076,1909f56bfc062723c751e8b465ee728b)
Start importing Assets/model3d/maria_prop_j_j_ong@Loser.fbx using Guid(d2aa2a1f4191f1b42a2c84b9eff5b9f2) Importer(815301076,1909f56bfc062723c751e8b465ee728b)  -> (artifact id: '15bb980336b1d79899d9358a50cdf6cf') in 0.077527 seconds 
  Import took 0.096975 seconds .

========================================================================
Received Import Request.
  Time since last request: 22.882272 seconds.
  path: Assets/model3d/maria_prop_j_j_ong@Two Handed Sword Death.fbx
  artifactKey: Guid(ab2964f6e46793745be0a88bdfce53d8) Importer(815301076,1909f56bfc062723c751e8b465ee728b)
Start importing Assets/model3d/maria_prop_j_j_ong@Two Handed Sword Death.fbx using Guid(ab2964f6e46793745be0a88bdfce53d8) Importer(815301076,1909f56bfc062723c751e8b465ee728b)  -> (artifact id: 'bae86425dc06598a897c013f13a8b62e') in 0.076780 seconds 
  Import took 0.093699 seconds .

========================================================================
Received Import Request.
  Time since last request: 6.071763 seconds.
  path: Assets/model3d/maria_prop_j_j_ong@Two Handed Sword Death.fbx
  artifactKey: Guid(ab2964f6e46793745be0a88bdfce53d8) Importer(815301076,1909f56bfc062723c751e8b465ee728b)
Start importing Assets/model3d/maria_prop_j_j_ong@Two Handed Sword Death.fbx using Guid(ab2964f6e46793745be0a88bdfce53d8) Importer(815301076,1909f56bfc062723c751e8b465ee728b)  -> (artifact id: 'f7d0b4bbda8f3beb88ad6a634b7aa2b8') in 0.079767 seconds 
  Import took 0.091999 seconds .

========================================================================
Received Prepare
Registering precompiled user dll's ...
Registered in 0.046194 seconds.
Begin MonoManager ReloadAssembly
Native extension for WindowsStandalone target not found
Native extension for WebGL target not found
Refreshing native plugins compatible for Editor in 0.60 ms, found 2 plugins.
Preloading 0 native plugins for Editor in 0.00 ms.
Mono: successfully reloaded assembly
- Completed reload, in  1.410 seconds
Domain Reload Profiling:
	ReloadAssembly (1410ms)
		BeginReloadAssembly (161ms)
			ExecutionOrderSort (0ms)
			DisableScriptedObjects (5ms)
			BackupInstance (0ms)
			ReleaseScriptingObjects (0ms)
			CreateAndSetChildDomain (57ms)
		EndReloadAssembly (1135ms)
			LoadAssemblies (132ms)
			RebuildTransferFunctionScriptingTraits (0ms)
			SetupTypeCache (421ms)
			ReleaseScriptCaches (1ms)
			RebuildScriptCaches (57ms)
			SetupLoadedEditorAssemblies (397ms)
				LogAssemblyErrors (0ms)
				InitializePlatformSupportModulesInManaged (8ms)
				SetLoadedEditorAssemblies (1ms)
				RefreshPlugins (1ms)
				BeforeProcessingInitializeOnLoad (64ms)
				ProcessInitializeOnLoadAttributes (301ms)
				ProcessInitializeOnLoadMethodAttributes (12ms)
				AfterProcessingInitializeOnLoad (11ms)
				EditorAssembliesLoaded (0ms)
			ExecutionOrderSort2 (0ms)
			AwakeInstancesAfterBackupRestoration (9ms)
Platform modules already initialized, skipping
Refreshing native plugins compatible for Editor in 0.49 ms, found 2 plugins.
Preloading 0 native plugins for Editor in 0.00 ms.
Unloading 1490 Unused Serialized files (Serialized files now loaded: 0)
System memory in use before: 84.5 MB.
System memory in use after: 84.6 MB.

Unloading 14 unused Assets to reduce memory usage. Loaded Objects now: 1980.
Total: 4.961500 ms (FindLiveObjects: 0.237600 ms CreateObjectMapping: 0.058200 ms MarkObjects: 4.635800 ms  DeleteObjects: 0.027800 ms)

AssetImportParameters requested are different than current active one (requested -> active):
  custom:framework-win-MediaFoundation: 216162199b28c13a410421893ffa2e32 -> 
  custom:video-decoder-ogg-theora: a1e56fd34408186e4bbccfd4996cb3dc -> 
  custom:container-muxer-webm: aa71ff27fc2769a1b78a27578f13a17b -> 
  custom:container-demuxer-webm: 4f35f7cbe854078d1ac9338744f61a02 -> 
  custom:container-demuxer-ogg: 62fdf1f143b41e24485cea50d1cbac27 -> 
  custom:video-encoder-webm-vp8: eb34c28f22e8b96e1ab97ce403110664 -> 
  custom:video-decoder-webm-vp8: 9c59270c3fd7afecdb556c50c9e8de78 -> 
  custom:audio-decoder-ogg-vorbis: bf7c407c2cedff20999df2af8eb42d56 -> 
  custom:audio-encoder-webm-vorbis: bf7c407c2cedff20999df2af8eb42d56 -> 
========================================================================
Received Import Request.
  Time since last request: 89.429191 seconds.
  path: Assets/model3d/maria_prop_j_j_ong@Loser.fbx
  artifactKey: Guid(d2aa2a1f4191f1b42a2c84b9eff5b9f2) Importer(815301076,1909f56bfc062723c751e8b465ee728b)
Start importing Assets/model3d/maria_prop_j_j_ong@Loser.fbx using Guid(d2aa2a1f4191f1b42a2c84b9eff5b9f2) Importer(815301076,1909f56bfc062723c751e8b465ee728b)  -> (artifact id: 'ac7c37bbc1cdcefdaa6edf0cacc9df0e') in 0.176002 seconds 
  Import took 0.180186 seconds .

========================================================================
Received Import Request.
  Time since last request: 5.615325 seconds.
  path: Assets/model3d/maria_prop_j_j_ong@Two Handed Sword Death.fbx
  artifactKey: Guid(ab2964f6e46793745be0a88bdfce53d8) Importer(815301076,1909f56bfc062723c751e8b465ee728b)
Start importing Assets/model3d/maria_prop_j_j_ong@Two Handed Sword Death.fbx using Guid(ab2964f6e46793745be0a88bdfce53d8) Importer(815301076,1909f56bfc062723c751e8b465ee728b)  -> (artifact id: '38b04d3af3ec104446ce753c23ec7eee') in 0.089136 seconds 
  Import took 0.114826 seconds .

========================================================================
Received Import Request.
  Time since last request: 231.655416 seconds.
  path: Assets/model3d/1fall.controller
  artifactKey: Guid(34ca927aa47b26a4a967e5a70442b87d) Importer(815301076,1909f56bfc062723c751e8b465ee728b)
Start importing Assets/model3d/1fall.controller using Guid(34ca927aa47b26a4a967e5a70442b87d) Importer(815301076,1909f56bfc062723c751e8b465ee728b)  -> (artifact id: '0dea5a6d3c7c03e2dfc886a5b1fba449') in 0.019210 seconds 
  Import took 0.022933 seconds .

========================================================================
Received Import Request.
  Time since last request: 20.997398 seconds.
  path: Assets/model3d/New Animator Controller.controller
  artifactKey: Guid(16bb6c9adfdec1d45bc003c2c794788e) Importer(815301076,1909f56bfc062723c751e8b465ee728b)
Start importing Assets/model3d/New Animator Controller.controller using Guid(16bb6c9adfdec1d45bc003c2c794788e) Importer(815301076,1909f56bfc062723c751e8b465ee728b)  -> (artifact id: 'ad46f4b1bd23e6c1f198ef5581253bbb') in 0.022211 seconds 
  Import took 0.150488 seconds .

========================================================================
Received Import Request.
  Time since last request: 6.458312 seconds.
  path: Assets/model3d/2stand.controller
  artifactKey: Guid(16bb6c9adfdec1d45bc003c2c794788e) Importer(815301076,1909f56bfc062723c751e8b465ee728b)
Start importing Assets/model3d/2stand.controller using Guid(16bb6c9adfdec1d45bc003c2c794788e) Importer(815301076,1909f56bfc062723c751e8b465ee728b)  -> (artifact id: '58a4aae8dced48db30d68a4bf07746e0') in 0.010817 seconds 
  Import took 0.014892 seconds .

========================================================================
Received Prepare
Registering precompiled user dll's ...
Registered in 0.004937 seconds.
Begin MonoManager ReloadAssembly
Native extension for WindowsStandalone target not found
Native extension for WebGL target not found
Refreshing native plugins compatible for Editor in 0.51 ms, found 2 plugins.
Preloading 0 native plugins for Editor in 0.00 ms.
Mono: successfully reloaded assembly
- Completed reload, in  1.367 seconds
Domain Reload Profiling:
	ReloadAssembly (1368ms)
		BeginReloadAssembly (154ms)
			ExecutionOrderSort (0ms)
			DisableScriptedObjects (9ms)
			BackupInstance (0ms)
			ReleaseScriptingObjects (0ms)
			CreateAndSetChildDomain (50ms)
		EndReloadAssembly (1126ms)
			LoadAssemblies (123ms)
			RebuildTransferFunctionScriptingTraits (0ms)
			SetupTypeCache (419ms)
			ReleaseScriptCaches (1ms)
			RebuildScriptCaches (53ms)
			SetupLoadedEditorAssemblies (407ms)
				LogAssemblyErrors (0ms)
				InitializePlatformSupportModulesInManaged (8ms)
				SetLoadedEditorAssemblies (1ms)
				RefreshPlugins (1ms)
				BeforeProcessingInitializeOnLoad (82ms)
				ProcessInitializeOnLoadAttributes (294ms)
				ProcessInitializeOnLoadMethodAttributes (11ms)
				AfterProcessingInitializeOnLoad (10ms)
				EditorAssembliesLoaded (0ms)
			ExecutionOrderSort2 (0ms)
			AwakeInstancesAfterBackupRestoration (8ms)
Platform modules already initialized, skipping
Refreshing native plugins compatible for Editor in 0.48 ms, found 2 plugins.
Preloading 0 native plugins for Editor in 0.00 ms.
Unloading 1490 Unused Serialized files (Serialized files now loaded: 0)
System memory in use before: 84.6 MB.
System memory in use after: 84.7 MB.

Unloading 14 unused Assets to reduce memory usage. Loaded Objects now: 1983.
Total: 5.898400 ms (FindLiveObjects: 0.227100 ms CreateObjectMapping: 0.056100 ms MarkObjects: 5.579500 ms  DeleteObjects: 0.033600 ms)

AssetImportParameters requested are different than current active one (requested -> active):
  custom:framework-win-MediaFoundation: 216162199b28c13a410421893ffa2e32 -> 
  custom:video-decoder-ogg-theora: a1e56fd34408186e4bbccfd4996cb3dc -> 
  custom:container-muxer-webm: aa71ff27fc2769a1b78a27578f13a17b -> 
  custom:container-demuxer-webm: 4f35f7cbe854078d1ac9338744f61a02 -> 
  custom:container-demuxer-ogg: 62fdf1f143b41e24485cea50d1cbac27 -> 
  custom:video-encoder-webm-vp8: eb34c28f22e8b96e1ab97ce403110664 -> 
  custom:video-decoder-webm-vp8: 9c59270c3fd7afecdb556c50c9e8de78 -> 
  custom:audio-decoder-ogg-vorbis: bf7c407c2cedff20999df2af8eb42d56 -> 
  custom:audio-encoder-webm-vorbis: bf7c407c2cedff20999df2af8eb42d56 -> 
========================================================================
Received Prepare
Registering precompiled user dll's ...
Registered in 0.004786 seconds.
Begin MonoManager ReloadAssembly
Native extension for WindowsStandalone target not found
Native extension for WebGL target not found
Refreshing native plugins compatible for Editor in 0.45 ms, found 2 plugins.
Preloading 0 native plugins for Editor in 0.00 ms.
Mono: successfully reloaded assembly
- Completed reload, in  1.298 seconds
Domain Reload Profiling:
	ReloadAssembly (1298ms)
		BeginReloadAssembly (138ms)
			ExecutionOrderSort (0ms)
			DisableScriptedObjects (6ms)
			BackupInstance (0ms)
			ReleaseScriptingObjects (0ms)
			CreateAndSetChildDomain (42ms)
		EndReloadAssembly (1075ms)
			LoadAssemblies (109ms)
			RebuildTransferFunctionScriptingTraits (0ms)
			SetupTypeCache (361ms)
			ReleaseScriptCaches (1ms)
			RebuildScriptCaches (53ms)
			SetupLoadedEditorAssemblies (420ms)
				LogAssemblyErrors (0ms)
				InitializePlatformSupportModulesInManaged (12ms)
				SetLoadedEditorAssemblies (1ms)
				RefreshPlugins (1ms)
				BeforeProcessingInitializeOnLoad (80ms)
				ProcessInitializeOnLoadAttributes (301ms)
				ProcessInitializeOnLoadMethodAttributes (13ms)
				AfterProcessingInitializeOnLoad (12ms)
				EditorAssembliesLoaded (1ms)
			ExecutionOrderSort2 (0ms)
			AwakeInstancesAfterBackupRestoration (11ms)
Platform modules already initialized, skipping
Refreshing native plugins compatible for Editor in 0.48 ms, found 2 plugins.
Preloading 0 native plugins for Editor in 0.00 ms.
Unloading 1490 Unused Serialized files (Serialized files now loaded: 0)
System memory in use before: 84.6 MB.
System memory in use after: 84.7 MB.

Unloading 14 unused Assets to reduce memory usage. Loaded Objects now: 1985.
Total: 5.622100 ms (FindLiveObjects: 0.226100 ms CreateObjectMapping: 0.054800 ms MarkObjects: 5.306000 ms  DeleteObjects: 0.032900 ms)

AssetImportParameters requested are different than current active one (requested -> active):
  custom:framework-win-MediaFoundation: 216162199b28c13a410421893ffa2e32 -> 
  custom:video-decoder-ogg-theora: a1e56fd34408186e4bbccfd4996cb3dc -> 
  custom:container-muxer-webm: aa71ff27fc2769a1b78a27578f13a17b -> 
  custom:container-demuxer-webm: 4f35f7cbe854078d1ac9338744f61a02 -> 
  custom:container-demuxer-ogg: 62fdf1f143b41e24485cea50d1cbac27 -> 
  custom:video-encoder-webm-vp8: eb34c28f22e8b96e1ab97ce403110664 -> 
  custom:video-decoder-webm-vp8: 9c59270c3fd7afecdb556c50c9e8de78 -> 
  custom:audio-decoder-ogg-vorbis: bf7c407c2cedff20999df2af8eb42d56 -> 
  custom:audio-encoder-webm-vorbis: bf7c407c2cedff20999df2af8eb42d56 -> 
========================================================================
Received Prepare
Registering precompiled user dll's ...
Registered in 0.004256 seconds.
Begin MonoManager ReloadAssembly
Native extension for WindowsStandalone target not found
Native extension for WebGL target not found
Refreshing native plugins compatible for Editor in 0.92 ms, found 2 plugins.
Preloading 0 native plugins for Editor in 0.00 ms.
Mono: successfully reloaded assembly
- Completed reload, in  1.922 seconds
Domain Reload Profiling:
	ReloadAssembly (1924ms)
		BeginReloadAssembly (211ms)
			ExecutionOrderSort (0ms)
			DisableScriptedObjects (9ms)
			BackupInstance (0ms)
			ReleaseScriptingObjects (0ms)
			CreateAndSetChildDomain (71ms)
		EndReloadAssembly (1578ms)
			LoadAssemblies (187ms)
			RebuildTransferFunctionScriptingTraits (0ms)
			SetupTypeCache (532ms)
			ReleaseScriptCaches (1ms)
			RebuildScriptCaches (64ms)
			SetupLoadedEditorAssemblies (605ms)
				LogAssemblyErrors (0ms)
				InitializePlatformSupportModulesInManaged (14ms)
				SetLoadedEditorAssemblies (1ms)
				RefreshPlugins (1ms)
				BeforeProcessingInitializeOnLoad (104ms)
				ProcessInitializeOnLoadAttributes (449ms)
				ProcessInitializeOnLoadMethodAttributes (19ms)
				AfterProcessingInitializeOnLoad (15ms)
				EditorAssembliesLoaded (1ms)
			ExecutionOrderSort2 (0ms)
			AwakeInstancesAfterBackupRestoration (16ms)
Platform modules already initialized, skipping
Refreshing native plugins compatible for Editor in 1.01 ms, found 2 plugins.
Preloading 0 native plugins for Editor in 0.00 ms.
Unloading 1490 Unused Serialized files (Serialized files now loaded: 0)
System memory in use before: 84.6 MB.
System memory in use after: 84.7 MB.

Unloading 14 unused Assets to reduce memory usage. Loaded Objects now: 1987.
Total: 6.795800 ms (FindLiveObjects: 0.548600 ms CreateObjectMapping: 0.088600 ms MarkObjects: 6.109300 ms  DeleteObjects: 0.046400 ms)

AssetImportParameters requested are different than current active one (requested -> active):
  custom:framework-win-MediaFoundation: 216162199b28c13a410421893ffa2e32 -> 
  custom:video-decoder-ogg-theora: a1e56fd34408186e4bbccfd4996cb3dc -> 
  custom:container-muxer-webm: aa71ff27fc2769a1b78a27578f13a17b -> 
  custom:container-demuxer-webm: 4f35f7cbe854078d1ac9338744f61a02 -> 
  custom:container-demuxer-ogg: 62fdf1f143b41e24485cea50d1cbac27 -> 
  custom:video-encoder-webm-vp8: eb34c28f22e8b96e1ab97ce403110664 -> 
  custom:video-decoder-webm-vp8: 9c59270c3fd7afecdb556c50c9e8de78 -> 
  custom:audio-decoder-ogg-vorbis: bf7c407c2cedff20999df2af8eb42d56 -> 
  custom:audio-encoder-webm-vorbis: bf7c407c2cedff20999df2af8eb42d56 -> 
========================================================================
Received Import Request.
  Time since last request: 793.935521 seconds.
  path: Assets/model3d/maria_prop_j_j_ong@Loser.fbx
  artifactKey: Guid(d2aa2a1f4191f1b42a2c84b9eff5b9f2) Importer(815301076,1909f56bfc062723c751e8b465ee728b)
Start importing Assets/model3d/maria_prop_j_j_ong@Loser.fbx using Guid(d2aa2a1f4191f1b42a2c84b9eff5b9f2) Importer(815301076,1909f56bfc062723c751e8b465ee728b)  -> (artifact id: '0d031fcedbc9f19fe676751cb21d8522') in 0.278807 seconds 
  Import took 0.286257 seconds .

========================================================================
Received Import Request.
  Time since last request: 13.594804 seconds.
  path: Assets/model3d/maria_prop_j_j_ong@Two Handed Sword Death.fbx
  artifactKey: Guid(ab2964f6e46793745be0a88bdfce53d8) Importer(815301076,1909f56bfc062723c751e8b465ee728b)
Start importing Assets/model3d/maria_prop_j_j_ong@Two Handed Sword Death.fbx using Guid(ab2964f6e46793745be0a88bdfce53d8) Importer(815301076,1909f56bfc062723c751e8b465ee728b)  -> (artifact id: 'd6e99cdbf54c374cd595190da511533d') in 0.112916 seconds 
  Import took 0.152608 seconds .

========================================================================
Received Prepare
Registering precompiled user dll's ...
Registered in 0.003707 seconds.
Begin MonoManager ReloadAssembly
Native extension for WindowsStandalone target not found
Native extension for WebGL target not found
Refreshing native plugins compatible for Editor in 0.42 ms, found 2 plugins.
Preloading 0 native plugins for Editor in 0.00 ms.
Mono: successfully reloaded assembly
- Completed reload, in  1.411 seconds
Domain Reload Profiling:
	ReloadAssembly (1412ms)
		BeginReloadAssembly (163ms)
			ExecutionOrderSort (0ms)
			DisableScriptedObjects (9ms)
			BackupInstance (0ms)
			ReleaseScriptingObjects (0ms)
			CreateAndSetChildDomain (54ms)
		EndReloadAssembly (1157ms)
			LoadAssemblies (131ms)
			RebuildTransferFunctionScriptingTraits (0ms)
			SetupTypeCache (395ms)
			ReleaseScriptCaches (1ms)
			RebuildScriptCaches (50ms)
			SetupLoadedEditorAssemblies (451ms)
				LogAssemblyErrors (0ms)
				InitializePlatformSupportModulesInManaged (8ms)
				SetLoadedEditorAssemblies (1ms)
				RefreshPlugins (1ms)
				BeforeProcessingInitializeOnLoad (66ms)
				ProcessInitializeOnLoadAttributes (349ms)
				ProcessInitializeOnLoadMethodAttributes (15ms)
				AfterProcessingInitializeOnLoad (11ms)
				EditorAssembliesLoaded (1ms)
			ExecutionOrderSort2 (0ms)
			AwakeInstancesAfterBackupRestoration (10ms)
Platform modules already initialized, skipping
Refreshing native plugins compatible for Editor in 0.50 ms, found 2 plugins.
Preloading 0 native plugins for Editor in 0.00 ms.
Unloading 1490 Unused Serialized files (Serialized files now loaded: 0)
System memory in use before: 84.6 MB.
System memory in use after: 84.7 MB.

Unloading 14 unused Assets to reduce memory usage. Loaded Objects now: 1990.
Total: 4.826700 ms (FindLiveObjects: 0.339500 ms CreateObjectMapping: 0.076200 ms MarkObjects: 4.379300 ms  DeleteObjects: 0.029100 ms)

AssetImportParameters requested are different than current active one (requested -> active):
  custom:framework-win-MediaFoundation: 216162199b28c13a410421893ffa2e32 -> 
  custom:video-decoder-ogg-theora: a1e56fd34408186e4bbccfd4996cb3dc -> 
  custom:container-muxer-webm: aa71ff27fc2769a1b78a27578f13a17b -> 
  custom:container-demuxer-webm: 4f35f7cbe854078d1ac9338744f61a02 -> 
  custom:container-demuxer-ogg: 62fdf1f143b41e24485cea50d1cbac27 -> 
  custom:video-encoder-webm-vp8: eb34c28f22e8b96e1ab97ce403110664 -> 
  custom:video-decoder-webm-vp8: 9c59270c3fd7afecdb556c50c9e8de78 -> 
  custom:audio-decoder-ogg-vorbis: bf7c407c2cedff20999df2af8eb42d56 -> 
  custom:audio-encoder-webm-vorbis: bf7c407c2cedff20999df2af8eb42d56 -> 
========================================================================
Received Prepare
Registering precompiled user dll's ...
Registered in 0.004153 seconds.
Begin MonoManager ReloadAssembly
Native extension for WindowsStandalone target not found
Native extension for WebGL target not found
Refreshing native plugins compatible for Editor in 0.42 ms, found 2 plugins.
Preloading 0 native plugins for Editor in 0.00 ms.
Mono: successfully reloaded assembly
- Completed reload, in  1.347 seconds
Domain Reload Profiling:
	ReloadAssembly (1348ms)
		BeginReloadAssembly (143ms)
			ExecutionOrderSort (0ms)
			DisableScriptedObjects (6ms)
			BackupInstance (0ms)
			ReleaseScriptingObjects (0ms)
			CreateAndSetChildDomain (47ms)
		EndReloadAssembly (1119ms)
			LoadAssemblies (122ms)
			RebuildTransferFunctionScriptingTraits (0ms)
			SetupTypeCache (392ms)
			ReleaseScriptCaches (1ms)
			RebuildScriptCaches (61ms)
			SetupLoadedEditorAssemblies (413ms)
				LogAssemblyErrors (0ms)
				InitializePlatformSupportModulesInManaged (7ms)
				SetLoadedEditorAssemblies (1ms)
				RefreshPlugins (1ms)
				BeforeProcessingInitializeOnLoad (71ms)
				ProcessInitializeOnLoadAttributes (307ms)
				ProcessInitializeOnLoadMethodAttributes (13ms)
				AfterProcessingInitializeOnLoad (14ms)
				EditorAssembliesLoaded (0ms)
			ExecutionOrderSort2 (0ms)
			AwakeInstancesAfterBackupRestoration (13ms)
Platform modules already initialized, skipping
Refreshing native plugins compatible for Editor in 0.44 ms, found 2 plugins.
Preloading 0 native plugins for Editor in 0.00 ms.
Unloading 1490 Unused Serialized files (Serialized files now loaded: 0)
System memory in use before: 84.6 MB.
System memory in use after: 84.7 MB.

Unloading 14 unused Assets to reduce memory usage. Loaded Objects now: 1992.
Total: 5.788000 ms (FindLiveObjects: 0.327600 ms CreateObjectMapping: 0.088800 ms MarkObjects: 5.337700 ms  DeleteObjects: 0.031200 ms)

AssetImportParameters requested are different than current active one (requested -> active):
  custom:framework-win-MediaFoundation: 216162199b28c13a410421893ffa2e32 -> 
  custom:video-decoder-ogg-theora: a1e56fd34408186e4bbccfd4996cb3dc -> 
  custom:container-muxer-webm: aa71ff27fc2769a1b78a27578f13a17b -> 
  custom:container-demuxer-webm: 4f35f7cbe854078d1ac9338744f61a02 -> 
  custom:container-demuxer-ogg: 62fdf1f143b41e24485cea50d1cbac27 -> 
  custom:video-encoder-webm-vp8: eb34c28f22e8b96e1ab97ce403110664 -> 
  custom:video-decoder-webm-vp8: 9c59270c3fd7afecdb556c50c9e8de78 -> 
  custom:audio-decoder-ogg-vorbis: bf7c407c2cedff20999df2af8eb42d56 -> 
  custom:audio-encoder-webm-vorbis: bf7c407c2cedff20999df2af8eb42d56 -> 
========================================================================
Received Import Request.
  Time since last request: 396.300240 seconds.
  path: Assets/Scripts/WreckOnCollision.cs
  artifactKey: Guid(2cbcbe59a9bfbaf4b86c502fa6477b22) Importer(815301076,1909f56bfc062723c751e8b465ee728b)
Start importing Assets/Scripts/WreckOnCollision.cs using Guid(2cbcbe59a9bfbaf4b86c502fa6477b22) Importer(815301076,1909f56bfc062723c751e8b465ee728b)  -> (artifact id: 'a785f35dd1164d03df429e0e41884ffb') in 0.028796 seconds 
  Import took 0.157931 seconds .

========================================================================
Received Prepare
Registering precompiled user dll's ...
Registered in 0.005864 seconds.
Begin MonoManager ReloadAssembly
Native extension for WindowsStandalone target not found
Native extension for WebGL target not found
Refreshing native plugins compatible for Editor in 0.49 ms, found 2 plugins.
Preloading 0 native plugins for Editor in 0.00 ms.
Mono: successfully reloaded assembly
- Completed reload, in  1.527 seconds
Domain Reload Profiling:
	ReloadAssembly (1528ms)
		BeginReloadAssembly (185ms)
			ExecutionOrderSort (0ms)
			DisableScriptedObjects (7ms)
			BackupInstance (0ms)
			ReleaseScriptingObjects (0ms)
			CreateAndSetChildDomain (56ms)
		EndReloadAssembly (1220ms)
			LoadAssemblies (139ms)
			RebuildTransferFunctionScriptingTraits (0ms)
			SetupTypeCache (453ms)
			ReleaseScriptCaches (1ms)
			RebuildScriptCaches (64ms)
			SetupLoadedEditorAssemblies (431ms)
				LogAssemblyErrors (0ms)
				InitializePlatformSupportModulesInManaged (12ms)
				SetLoadedEditorAssemblies (1ms)
				RefreshPlugins (1ms)
				BeforeProcessingInitializeOnLoad (71ms)
				ProcessInitializeOnLoadAttributes (319ms)
				ProcessInitializeOnLoadMethodAttributes (15ms)
				AfterProcessingInitializeOnLoad (12ms)
				EditorAssembliesLoaded (0ms)
			ExecutionOrderSort2 (0ms)
			AwakeInstancesAfterBackupRestoration (9ms)
Platform modules already initialized, skipping
Refreshing native plugins compatible for Editor in 0.44 ms, found 2 plugins.
Preloading 0 native plugins for Editor in 0.00 ms.
Unloading 1490 Unused Serialized files (Serialized files now loaded: 0)
System memory in use before: 84.6 MB.
System memory in use after: 84.7 MB.

Unloading 14 unused Assets to reduce memory usage. Loaded Objects now: 1994.
Total: 3.907800 ms (FindLiveObjects: 0.286000 ms CreateObjectMapping: 0.089500 ms MarkObjects: 3.501400 ms  DeleteObjects: 0.028700 ms)

AssetImportParameters requested are different than current active one (requested -> active):
  custom:framework-win-MediaFoundation: 216162199b28c13a410421893ffa2e32 -> 
  custom:video-decoder-ogg-theora: a1e56fd34408186e4bbccfd4996cb3dc -> 
  custom:container-muxer-webm: aa71ff27fc2769a1b78a27578f13a17b -> 
  custom:container-demuxer-webm: 4f35f7cbe854078d1ac9338744f61a02 -> 
  custom:container-demuxer-ogg: 62fdf1f143b41e24485cea50d1cbac27 -> 
  custom:video-encoder-webm-vp8: eb34c28f22e8b96e1ab97ce403110664 -> 
  custom:video-decoder-webm-vp8: 9c59270c3fd7afecdb556c50c9e8de78 -> 
  custom:audio-decoder-ogg-vorbis: bf7c407c2cedff20999df2af8eb42d56 -> 
  custom:audio-encoder-webm-vorbis: bf7c407c2cedff20999df2af8eb42d56 -> 
========================================================================
Received Import Request.
  Time since last request: 166.703531 seconds.
  path: Assets/Prefabs/maria_prop_j_j_ong@Loser.prefab
  artifactKey: Guid(abd7f2d0110aa014ebe1d2005715618a) Importer(815301076,1909f56bfc062723c751e8b465ee728b)
Start importing Assets/Prefabs/maria_prop_j_j_ong@Loser.prefab using Guid(abd7f2d0110aa014ebe1d2005715618a) Importer(815301076,1909f56bfc062723c751e8b465ee728b)  -> (artifact id: 'f2c706e11adf0f4cef89a00418e849cc') in 0.125057 seconds 
  Import took 0.148264 seconds .

========================================================================
Received Prepare
Registering precompiled user dll's ...
Registered in 0.003651 seconds.
Begin MonoManager ReloadAssembly
Native extension for WindowsStandalone target not found
Native extension for WebGL target not found
Refreshing native plugins compatible for Editor in 0.42 ms, found 2 plugins.
Preloading 0 native plugins for Editor in 0.00 ms.
Mono: successfully reloaded assembly
- Completed reload, in  1.270 seconds
Domain Reload Profiling:
	ReloadAssembly (1270ms)
		BeginReloadAssembly (144ms)
			ExecutionOrderSort (0ms)
			DisableScriptedObjects (6ms)
			BackupInstance (0ms)
			ReleaseScriptingObjects (0ms)
			CreateAndSetChildDomain (42ms)
		EndReloadAssembly (1044ms)
			LoadAssemblies (108ms)
			RebuildTransferFunctionScriptingTraits (0ms)
			SetupTypeCache (366ms)
			ReleaseScriptCaches (1ms)
			RebuildScriptCaches (48ms)
			SetupLoadedEditorAssemblies (387ms)
				LogAssemblyErrors (0ms)
				InitializePlatformSupportModulesInManaged (8ms)
				SetLoadedEditorAssemblies (1ms)
				RefreshPlugins (1ms)
				BeforeProcessingInitializeOnLoad (71ms)
				ProcessInitializeOnLoadAttributes (284ms)
				ProcessInitializeOnLoadMethodAttributes (12ms)
				AfterProcessingInitializeOnLoad (11ms)
				EditorAssembliesLoaded (0ms)
			ExecutionOrderSort2 (0ms)
			AwakeInstancesAfterBackupRestoration (9ms)
Platform modules already initialized, skipping
Refreshing native plugins compatible for Editor in 0.44 ms, found 2 plugins.
Preloading 0 native plugins for Editor in 0.00 ms.
Unloading 1490 Unused Serialized files (Serialized files now loaded: 0)
System memory in use before: 84.7 MB.
System memory in use after: 84.8 MB.

Unloading 14 unused Assets to reduce memory usage. Loaded Objects now: 1997.
Total: 5.081800 ms (FindLiveObjects: 0.214600 ms CreateObjectMapping: 0.048100 ms MarkObjects: 4.786700 ms  DeleteObjects: 0.030400 ms)

AssetImportParameters requested are different than current active one (requested -> active):
  custom:framework-win-MediaFoundation: 216162199b28c13a410421893ffa2e32 -> 
  custom:video-decoder-ogg-theora: a1e56fd34408186e4bbccfd4996cb3dc -> 
  custom:container-muxer-webm: aa71ff27fc2769a1b78a27578f13a17b -> 
  custom:container-demuxer-webm: 4f35f7cbe854078d1ac9338744f61a02 -> 
  custom:container-demuxer-ogg: 62fdf1f143b41e24485cea50d1cbac27 -> 
  custom:video-encoder-webm-vp8: eb34c28f22e8b96e1ab97ce403110664 -> 
  custom:video-decoder-webm-vp8: 9c59270c3fd7afecdb556c50c9e8de78 -> 
  custom:audio-decoder-ogg-vorbis: bf7c407c2cedff20999df2af8eb42d56 -> 
  custom:audio-encoder-webm-vorbis: bf7c407c2cedff20999df2af8eb42d56 -> 
========================================================================
Received Import Request.
  Time since last request: 54.268318 seconds.
  path: Assets/Prefabs/stand.prefab
  artifactKey: Guid(abd7f2d0110aa014ebe1d2005715618a) Importer(815301076,1909f56bfc062723c751e8b465ee728b)
Start importing Assets/Prefabs/stand.prefab using Guid(abd7f2d0110aa014ebe1d2005715618a) Importer(815301076,1909f56bfc062723c751e8b465ee728b)  -> (artifact id: '0084bf7be0a130d04b3c5d2a7737fe75') in 0.119479 seconds 
  Import took 0.145248 seconds .

========================================================================
Received Import Request.
  Time since last request: 54.189742 seconds.
  path: Assets/Prefabs/stand.prefab
  artifactKey: Guid(abd7f2d0110aa014ebe1d2005715618a) Importer(815301076,1909f56bfc062723c751e8b465ee728b)
Start importing Assets/Prefabs/stand.prefab using Guid(abd7f2d0110aa014ebe1d2005715618a) Importer(815301076,1909f56bfc062723c751e8b465ee728b)  -> (artifact id: 'c5dc9c176c2998802027585aee785e40') in 0.037074 seconds 
  Import took 0.072867 seconds .

========================================================================
Received Prepare
Registering precompiled user dll's ...
Registered in 0.004229 seconds.
Begin MonoManager ReloadAssembly
Native extension for WindowsStandalone target not found
Native extension for WebGL target not found
Refreshing native plugins compatible for Editor in 1.09 ms, found 2 plugins.
Preloading 0 native plugins for Editor in 0.00 ms.
Mono: successfully reloaded assembly
- Completed reload, in  1.986 seconds
Domain Reload Profiling:
	ReloadAssembly (1987ms)
		BeginReloadAssembly (207ms)
			ExecutionOrderSort (0ms)
			DisableScriptedObjects (8ms)
			BackupInstance (0ms)
			ReleaseScriptingObjects (0ms)
			CreateAndSetChildDomain (66ms)
		EndReloadAssembly (1654ms)
			LoadAssemblies (158ms)
			RebuildTransferFunctionScriptingTraits (0ms)
			SetupTypeCache (554ms)
			ReleaseScriptCaches (1ms)
			RebuildScriptCaches (86ms)
			SetupLoadedEditorAssemblies (636ms)
				LogAssemblyErrors (0ms)
				InitializePlatformSupportModulesInManaged (14ms)
				SetLoadedEditorAssemblies (1ms)
				RefreshPlugins (1ms)
				BeforeProcessingInitializeOnLoad (111ms)
				ProcessInitializeOnLoadAttributes (469ms)
				ProcessInitializeOnLoadMethodAttributes (20ms)
				AfterProcessingInitializeOnLoad (18ms)
				EditorAssembliesLoaded (1ms)
			ExecutionOrderSort2 (0ms)
			AwakeInstancesAfterBackupRestoration (17ms)
Platform modules already initialized, skipping
Refreshing native plugins compatible for Editor in 0.77 ms, found 2 plugins.
Preloading 0 native plugins for Editor in 0.00 ms.
Unloading 1490 Unused Serialized files (Serialized files now loaded: 0)
System memory in use before: 84.7 MB.
System memory in use after: 84.8 MB.

Unloading 14 unused Assets to reduce memory usage. Loaded Objects now: 2000.
Total: 6.207900 ms (FindLiveObjects: 0.386700 ms CreateObjectMapping: 0.079000 ms MarkObjects: 5.710100 ms  DeleteObjects: 0.028900 ms)

AssetImportParameters requested are different than current active one (requested -> active):
  custom:framework-win-MediaFoundation: 216162199b28c13a410421893ffa2e32 -> 
  custom:video-decoder-ogg-theora: a1e56fd34408186e4bbccfd4996cb3dc -> 
  custom:container-muxer-webm: aa71ff27fc2769a1b78a27578f13a17b -> 
  custom:container-demuxer-webm: 4f35f7cbe854078d1ac9338744f61a02 -> 
  custom:container-demuxer-ogg: 62fdf1f143b41e24485cea50d1cbac27 -> 
  custom:video-encoder-webm-vp8: eb34c28f22e8b96e1ab97ce403110664 -> 
  custom:video-decoder-webm-vp8: 9c59270c3fd7afecdb556c50c9e8de78 -> 
  custom:audio-decoder-ogg-vorbis: bf7c407c2cedff20999df2af8eb42d56 -> 
  custom:audio-encoder-webm-vorbis: bf7c407c2cedff20999df2af8eb42d56 -> 
========================================================================
Received Prepare
Registering precompiled user dll's ...
Registered in 0.004302 seconds.
Begin MonoManager ReloadAssembly
Native extension for WindowsStandalone target not found
Native extension for WebGL target not found
Refreshing native plugins compatible for Editor in 0.88 ms, found 2 plugins.
Preloading 0 native plugins for Editor in 0.00 ms.
Mono: successfully reloaded assembly
- Completed reload, in  1.941 seconds
Domain Reload Profiling:
	ReloadAssembly (1942ms)
		BeginReloadAssembly (212ms)
			ExecutionOrderSort (0ms)
			DisableScriptedObjects (10ms)
			BackupInstance (0ms)
			ReleaseScriptingObjects (0ms)
			CreateAndSetChildDomain (67ms)
		EndReloadAssembly (1565ms)
			LoadAssemblies (175ms)
			RebuildTransferFunctionScriptingTraits (0ms)
			SetupTypeCache (547ms)
			ReleaseScriptCaches (2ms)
			RebuildScriptCaches (80ms)
			SetupLoadedEditorAssemblies (577ms)
				LogAssemblyErrors (0ms)
				InitializePlatformSupportModulesInManaged (13ms)
				SetLoadedEditorAssemblies (1ms)
				RefreshPlugins (1ms)
				BeforeProcessingInitializeOnLoad (99ms)
				ProcessInitializeOnLoadAttributes (427ms)
				ProcessInitializeOnLoadMethodAttributes (19ms)
				AfterProcessingInitializeOnLoad (15ms)
				EditorAssembliesLoaded (1ms)
			ExecutionOrderSort2 (0ms)
			AwakeInstancesAfterBackupRestoration (15ms)
Platform modules already initialized, skipping
Refreshing native plugins compatible for Editor in 0.74 ms, found 2 plugins.
Preloading 0 native plugins for Editor in 0.00 ms.
Unloading 1490 Unused Serialized files (Serialized files now loaded: 0)
System memory in use before: 84.7 MB.
System memory in use after: 84.8 MB.

Unloading 14 unused Assets to reduce memory usage. Loaded Objects now: 2002.
Total: 5.593200 ms (FindLiveObjects: 0.312000 ms CreateObjectMapping: 0.061500 ms MarkObjects: 5.193100 ms  DeleteObjects: 0.024300 ms)

AssetImportParameters requested are different than current active one (requested -> active):
  custom:framework-win-MediaFoundation: 216162199b28c13a410421893ffa2e32 -> 
  custom:video-decoder-ogg-theora: a1e56fd34408186e4bbccfd4996cb3dc -> 
  custom:container-muxer-webm: aa71ff27fc2769a1b78a27578f13a17b -> 
  custom:container-demuxer-webm: 4f35f7cbe854078d1ac9338744f61a02 -> 
  custom:container-demuxer-ogg: 62fdf1f143b41e24485cea50d1cbac27 -> 
  custom:video-encoder-webm-vp8: eb34c28f22e8b96e1ab97ce403110664 -> 
  custom:video-decoder-webm-vp8: 9c59270c3fd7afecdb556c50c9e8de78 -> 
  custom:audio-decoder-ogg-vorbis: bf7c407c2cedff20999df2af8eb42d56 -> 
  custom:audio-encoder-webm-vorbis: bf7c407c2cedff20999df2af8eb42d56 -> 
========================================================================
Received Import Request.
  Time since last request: 324.227870 seconds.
  path: Assets/Prefabs/maria_prop_j_j_ong@Two Handed Sword Death.prefab
  artifactKey: Guid(7111a94107ea83244bbc64c8bb6d1371) Importer(815301076,1909f56bfc062723c751e8b465ee728b)
Start importing Assets/Prefabs/maria_prop_j_j_ong@Two Handed Sword Death.prefab using Guid(7111a94107ea83244bbc64c8bb6d1371) Importer(815301076,1909f56bfc062723c751e8b465ee728b)  -> (artifact id: '030bb2b1cd2f655a15fe8bd89412f915') in 0.110670 seconds 
  Import took 0.116783 seconds .

========================================================================
Received Import Request.
  Time since last request: 16.634999 seconds.
  path: Assets/Prefabs/fall.prefab
  artifactKey: Guid(7111a94107ea83244bbc64c8bb6d1371) Importer(815301076,1909f56bfc062723c751e8b465ee728b)
Start importing Assets/Prefabs/fall.prefab using Guid(7111a94107ea83244bbc64c8bb6d1371) Importer(815301076,1909f56bfc062723c751e8b465ee728b)  -> (artifact id: '028e92ba13e8d64e5158fe755874f557') in 0.039551 seconds 
  Import took 0.057005 seconds .

========================================================================
Received Prepare
Registering precompiled user dll's ...
Registered in 0.004652 seconds.
Begin MonoManager ReloadAssembly
Native extension for WindowsStandalone target not found
Native extension for WebGL target not found
Refreshing native plugins compatible for Editor in 1.05 ms, found 2 plugins.
Preloading 0 native plugins for Editor in 0.00 ms.
Mono: successfully reloaded assembly
- Completed reload, in  1.870 seconds
Domain Reload Profiling:
	ReloadAssembly (1871ms)
		BeginReloadAssembly (220ms)
			ExecutionOrderSort (0ms)
			DisableScriptedObjects (10ms)
			BackupInstance (0ms)
			ReleaseScriptingObjects (0ms)
			CreateAndSetChildDomain (66ms)
		EndReloadAssembly (1523ms)
			LoadAssemblies (179ms)
			RebuildTransferFunctionScriptingTraits (0ms)
			SetupTypeCache (572ms)
			ReleaseScriptCaches (1ms)
			RebuildScriptCaches (80ms)
			SetupLoadedEditorAssemblies (517ms)
				LogAssemblyErrors (0ms)
				InitializePlatformSupportModulesInManaged (14ms)
				SetLoadedEditorAssemblies (1ms)
				RefreshPlugins (1ms)
				BeforeProcessingInitializeOnLoad (107ms)
				ProcessInitializeOnLoadAttributes (372ms)
				ProcessInitializeOnLoadMethodAttributes (11ms)
				AfterProcessingInitializeOnLoad (11ms)
				EditorAssembliesLoaded (0ms)
			ExecutionOrderSort2 (0ms)
			AwakeInstancesAfterBackupRestoration (9ms)
Platform modules already initialized, skipping
Refreshing native plugins compatible for Editor in 0.44 ms, found 2 plugins.
Preloading 0 native plugins for Editor in 0.00 ms.
Unloading 1490 Unused Serialized files (Serialized files now loaded: 0)
System memory in use before: 84.7 MB.
System memory in use after: 84.8 MB.

Unloading 14 unused Assets to reduce memory usage. Loaded Objects now: 2005.
Total: 4.061100 ms (FindLiveObjects: 0.233600 ms CreateObjectMapping: 0.048200 ms MarkObjects: 3.753400 ms  DeleteObjects: 0.024000 ms)

AssetImportParameters requested are different than current active one (requested -> active):
  custom:framework-win-MediaFoundation: 216162199b28c13a410421893ffa2e32 -> 
  custom:video-decoder-ogg-theora: a1e56fd34408186e4bbccfd4996cb3dc -> 
  custom:container-muxer-webm: aa71ff27fc2769a1b78a27578f13a17b -> 
  custom:container-demuxer-webm: 4f35f7cbe854078d1ac9338744f61a02 -> 
  custom:container-demuxer-ogg: 62fdf1f143b41e24485cea50d1cbac27 -> 
  custom:video-encoder-webm-vp8: eb34c28f22e8b96e1ab97ce403110664 -> 
  custom:video-decoder-webm-vp8: 9c59270c3fd7afecdb556c50c9e8de78 -> 
  custom:audio-decoder-ogg-vorbis: bf7c407c2cedff20999df2af8eb42d56 -> 
  custom:audio-encoder-webm-vorbis: bf7c407c2cedff20999df2af8eb42d56 -> 
========================================================================
Received Prepare
Registering precompiled user dll's ...
Registered in 0.005386 seconds.
Begin MonoManager ReloadAssembly
Native extension for WindowsStandalone target not found
Native extension for WebGL target not found
Refreshing native plugins compatible for Editor in 0.59 ms, found 2 plugins.
Preloading 0 native plugins for Editor in 0.00 ms.
Mono: successfully reloaded assembly
- Completed reload, in  1.416 seconds
Domain Reload Profiling:
	ReloadAssembly (1417ms)
		BeginReloadAssembly (145ms)
			ExecutionOrderSort (0ms)
			DisableScriptedObjects (6ms)
			BackupInstance (0ms)
			ReleaseScriptingObjects (0ms)
			CreateAndSetChildDomain (45ms)
		EndReloadAssembly (1190ms)
			LoadAssemblies (113ms)
			RebuildTransferFunctionScriptingTraits (0ms)
			SetupTypeCache (404ms)
			ReleaseScriptCaches (1ms)
			RebuildScriptCaches (55ms)
			SetupLoadedEditorAssemblies (458ms)
				LogAssemblyErrors (0ms)
				InitializePlatformSupportModulesInManaged (11ms)
				SetLoadedEditorAssemblies (1ms)
				RefreshPlugins (1ms)
				BeforeProcessingInitializeOnLoad (81ms)
				ProcessInitializeOnLoadAttributes (330ms)
				ProcessInitializeOnLoadMethodAttributes (18ms)
				AfterProcessingInitializeOnLoad (16ms)
				EditorAssembliesLoaded (0ms)
			ExecutionOrderSort2 (0ms)
			AwakeInstancesAfterBackupRestoration (12ms)
Platform modules already initialized, skipping
Refreshing native plugins compatible for Editor in 0.80 ms, found 2 plugins.
Preloading 0 native plugins for Editor in 0.00 ms.
Unloading 1490 Unused Serialized files (Serialized files now loaded: 0)
System memory in use before: 84.7 MB.
System memory in use after: 84.8 MB.

Unloading 14 unused Assets to reduce memory usage. Loaded Objects now: 2007.
Total: 6.507900 ms (FindLiveObjects: 0.269000 ms CreateObjectMapping: 0.079000 ms MarkObjects: 6.101400 ms  DeleteObjects: 0.056200 ms)

AssetImportParameters requested are different than current active one (requested -> active):
  custom:framework-win-MediaFoundation: 216162199b28c13a410421893ffa2e32 -> 
  custom:video-decoder-ogg-theora: a1e56fd34408186e4bbccfd4996cb3dc -> 
  custom:container-muxer-webm: aa71ff27fc2769a1b78a27578f13a17b -> 
  custom:container-demuxer-webm: 4f35f7cbe854078d1ac9338744f61a02 -> 
  custom:container-demuxer-ogg: 62fdf1f143b41e24485cea50d1cbac27 -> 
  custom:video-encoder-webm-vp8: eb34c28f22e8b96e1ab97ce403110664 -> 
  custom:video-decoder-webm-vp8: 9c59270c3fd7afecdb556c50c9e8de78 -> 
  custom:audio-decoder-ogg-vorbis: bf7c407c2cedff20999df2af8eb42d56 -> 
  custom:audio-encoder-webm-vorbis: bf7c407c2cedff20999df2af8eb42d56 -> 
AssetImportWorkerClient::OnTransportError - code=2 error=End of file
